<?xml version="1.0" encoding="UTF-8"?>
<testsuite name="hello.FileUploadTests" time="2.395" tests="3" errors="1" skipped="0" failures="0">
  <properties>
[...]
</properties>
  <testcase name="shouldSaveUploadedFile" classname="hello.FileUploadTests" time="0.1">
    <error message="Request processing failed; nested exception is java.lang.NullPointerException" type="org.springframework.web.util.NestedServletException">org.springframework.web.util.NestedServletException: Request processing failed; nested exception is java.lang.NullPointerException
	at hello.FileUploadController.handleFileUpload(FileUploadController.java:65)
	at sun.reflect.NativeMethodAccessorImpl.invoke0(Native Method)
	at sun.reflect.NativeMethodAccessorImpl.invoke(NativeMethodAccessorImpl.java:62)
	at sun.reflect.DelegatingMethodAccessorImpl.invoke(DelegatingMethodAccessorImpl.java:43)
	at java.lang.reflect.Method.invoke(Method.java:498)
	at org.springframework.web.method.support.InvocableHandlerMethod.doInvoke(InvocableHandlerMethod.java:221)
	at org.springframework.web.method.support.InvocableHandlerMethod.invokeForRequest(InvocableHandlerMethod.java:136)
	at org.springframework.web.servlet.mvc.method.annotation.ServletInvocableHandlerMethod.invokeAndHandle(ServletInvocableHandlerMethod.java:114)
	at org.springframework.web.servlet.mvc.method.annotation.RequestMappingHandlerAdapter.invokeHandlerMethod(RequestMappingHandlerAdapter.java:827)
	at org.springframework.web.servlet.mvc.method.annotation.RequestMappingHandlerAdapter.handleInternal(RequestMappingHandlerAdapter.java:738)
	at org.springframework.web.servlet.mvc.method.AbstractHandlerMethodAdapter.handle(AbstractHandlerMethodAdapter.java:85)
	at org.springframework.web.servlet.DispatcherServlet.doDispatch(DispatcherServlet.java:963)
	at org.springframework.web.servlet.DispatcherServlet.doService(DispatcherServlet.java:897)
	at org.springframework.web.servlet.FrameworkServlet.processRequest(FrameworkServlet.java:970)
	at org.springframework.web.servlet.FrameworkServlet.doPost(FrameworkServlet.java:872)
	at javax.servlet.http.HttpServlet.service(HttpServlet.java:648)
	at org.springframework.web.servlet.FrameworkServlet.service(FrameworkServlet.java:846)
	at org.springframework.test.web.servlet.TestDispatcherServlet.service(TestDispatcherServlet.java:65)
	at javax.servlet.http.HttpServlet.service(HttpServlet.java:729)
	at org.springframework.mock.web.MockFilterChain$ServletFilterProxy.doFilter(MockFilterChain.java:167)
	at org.springframework.mock.web.MockFilterChain.doFilter(MockFilterChain.java:134)
	at org.springframework.web.filter.RequestContextFilter.doFilterInternal(RequestContextFilter.java:99)
	at org.springframework.web.filter.OncePerRequestFilter.doFilter(OncePerRequestFilter.java:107)
	at org.springframework.mock.web.MockFilterChain.doFilter(MockFilterChain.java:134)
	at org.springframework.web.filter.HttpPutFormContentFilter.doFilterInternal(HttpPutFormContentFilter.java:89)
	at org.springframework.web.filter.OncePerRequestFilter.doFilter(OncePerRequestFilter.java:107)
	at org.springframework.mock.web.MockFilterChain.doFilter(MockFilterChain.java:134)
	at org.springframework.web.filter.HiddenHttpMethodFilter.doFilterInternal(HiddenHttpMethodFilter.java:77)
	at org.springframework.web.filter.OncePerRequestFilter.doFilter(OncePerRequestFilter.java:107)
	at org.springframework.mock.web.MockFilterChain.doFilter(MockFilterChain.java:134)
	at org.springframework.web.filter.CharacterEncodingFilter.doFilterInternal(CharacterEncodingFilter.java:197)
	at org.springframework.web.filter.OncePerRequestFilter.doFilter(OncePerRequestFilter.java:107)
	at org.springframework.mock.web.MockFilterChain.doFilter(MockFilterChain.java:134)
	at org.springframework.test.web.servlet.MockMvc.perform(MockMvc.java:155)
	at hello.FileUploadTests.shouldSaveUploadedFile(FileUploadTests.java:51)
</error>
    <system-out><![CDATA[2016-12-02 01:17:29.664  INFO 2908 --- [           main] .b.t.c.SpringBootTestContextBootstrapper : Neither @ContextConfiguration nor @ContextHierarchy found for test class [hello.FileUploadTests], using SpringBootContextLoader
2016-12-02 01:17:29.668  INFO 2908 --- [           main] o.s.t.c.support.AbstractContextLoader    : Could not detect default resource locations for test class [hello.FileUploadTests]: no resource found for suffixes {-context.xml, Context.groovy}.
2016-12-02 01:17:29.669  INFO 2908 --- [           main] t.c.s.AnnotationConfigContextLoaderUtils : Could not detect default configuration classes for test class [hello.FileUploadTests]: FileUploadTests does not declare any static, non-private, non-final, nested classes annotated with @Configuration.
2016-12-02 01:17:29.696  INFO 2908 --- [           main] .b.t.c.SpringBootTestContextBootstrapper : Found @SpringBootConfiguration hello.Application for test class hello.FileUploadTests
2016-12-02 01:17:29.711  INFO 2908 --- [           main] .b.t.c.SpringBootTestContextBootstrapper : Loaded default TestExecutionListener class names from location [META-INF/spring.factories]: [org.springframework.boot.test.mock.mockito.MockitoTestExecutionListener, org.springframework.boot.test.mock.mockito.ResetMocksTestExecutionListener, org.springframework.boot.test.autoconfigure.restdocs.RestDocsTestExecutionListener, org.springframework.boot.test.autoconfigure.web.client.MockRestServiceServerResetTestExecutionListener, org.springframework.boot.test.autoconfigure.web.servlet.MockMvcPrintOnlyOnFailureTestExecutionListener, org.springframework.boot.test.autoconfigure.web.servlet.WebDriverTestExecutionListener, org.springframework.test.context.web.ServletTestExecutionListener, org.springframework.test.context.support.DirtiesContextBeforeModesTestExecutionListener, org.springframework.test.context.support.DependencyInjectionTestExecutionListener, org.springframework.test.context.support.DirtiesContextTestExecutionListener, org.springframework.test.context.transaction.TransactionalTestExecutionListener, org.springframework.test.context.jdbc.SqlScriptsTestExecutionListener]
2016-12-02 01:17:29.724  INFO 2908 --- [           main] .b.t.c.SpringBootTestContextBootstrapper : Could not instantiate TestExecutionListener [org.springframework.test.context.transaction.TransactionalTestExecutionListener]. Specify custom listener classes or make the default listener classes (and their required dependencies) available. Offending class: [org/springframework/transaction/interceptor/TransactionAttributeSource]
2016-12-02 01:17:29.726  INFO 2908 --- [           main] .b.t.c.SpringBootTestContextBootstrapper : Could not instantiate TestExecutionListener [org.springframework.test.context.jdbc.SqlScriptsTestExecutionListener]. Specify custom listener classes or make the default listener classes (and their required dependencies) available. Offending class: [org/springframework/transaction/interceptor/TransactionAttribute]
2016-12-02 01:17:29.727  INFO 2908 --- [           main] .b.t.c.SpringBootTestContextBootstrapper : Using TestExecutionListeners: [org.springframework.test.context.web.ServletTestExecutionListener@40022a, org.springframework.test.context.support.DirtiesContextBeforeModesTestExecutionListener@17db7f8, org.springframework.boot.test.autoconfigure.SpringBootDependencyInjectionTestExecutionListener@12de715, org.springframework.test.context.support.DirtiesContextTestExecutionListener@122d3e9, org.springframework.boot.test.autoconfigure.web.client.MockRestServiceServerResetTestExecutionListener@157dbb5, org.springframework.boot.test.mock.mockito.MockitoTestExecutionListener@10b6190, org.springframework.boot.test.autoconfigure.web.servlet.WebDriverTestExecutionListener@12e27ab, org.springframework.boot.test.autoconfigure.restdocs.RestDocsTestExecutionListener@dc1bbc, org.springframework.boot.test.autoconfigure.web.servlet.MockMvcPrintOnlyOnFailureTestExecutionListener@195f1e1, org.springframework.boot.test.mock.mockito.ResetMocksTestExecutionListener@12a1c62]

  .   ____          _            __ _ _
 /\\ / ___'_ __ _ _(_)_ __  __ _ \ \ \ \
( ( )\___ | '_ | '_| | '_ \/ _` | \ \ \ \
 \\/  ___)| |_)| | | | | || (_| |  ) ) ) )
  '  |____| .__|_| |_|_| |_\__, | / / / /
 =========|_|==============|___/=/_/_/_/
 :: Spring Boot ::        (v1.4.1.RELEASE)

2016-12-02 01:17:30.158  INFO 2908 --- [           main] hello.FileUploadTests                    : Starting FileUploadTests on HOME-NOTEBOOK with PID 2908 (started by User in C:\Users\User\Documents\workspace-sts-3.8.1.RELEASE\gs-uploading-files-complete)
2016-12-02 01:17:30.159  INFO 2908 --- [           main] hello.FileUploadTests                    : No active profile set, falling back to default profiles: default
2016-12-02 01:17:30.180  INFO 2908 --- [           main] o.s.w.c.s.GenericWebApplicationContext   : Refreshing org.springframework.web.context.support.GenericWebApplicationContext@c75c01: startup date [Fri Dec 02 01:17:30 MSK 2016]; root of context hierarchy
2016-12-02 01:17:32.985  INFO 2908 --- [           main] o.s.b.t.m.w.SpringBootMockServletContext : Initializing Spring FrameworkServlet ''
2016-12-02 01:17:32.986  INFO 2908 --- [           main] o.s.t.web.servlet.TestDispatcherServlet  : FrameworkServlet '': initialization started
2016-12-02 01:17:33.482  INFO 2908 --- [           main] s.w.s.m.m.a.RequestMappingHandlerMapping : Mapped "{[/],methods=[GET]}" onto public java.lang.String hello.FileUploadController.listUploadedFiles(org.springframework.ui.Model) throws java.io.IOException
2016-12-02 01:17:33.483  INFO 2908 --- [           main] s.w.s.m.m.a.RequestMappingHandlerMapping : Mapped "{[/files/{filename:.+}],methods=[GET]}" onto public org.springframework.http.ResponseEntity<org.springframework.core.io.Resource> hello.FileUploadController.serveFile(java.lang.String)
2016-12-02 01:17:33.485  INFO 2908 --- [           main] s.w.s.m.m.a.RequestMappingHandlerMapping : Mapped "{[/],methods=[POST]}" onto public java.lang.String hello.FileUploadController.handleFileUpload(org.springframework.web.multipart.MultipartFile,org.springframework.web.servlet.mvc.support.RedirectAttributes)
2016-12-02 01:17:33.495  INFO 2908 --- [           main] s.w.s.m.m.a.RequestMappingHandlerMapping : Mapped "{[/error]}" onto public org.springframework.http.ResponseEntity<java.util.Map<java.lang.String, java.lang.Object>> org.springframework.boot.autoconfigure.web.BasicErrorController.error(javax.servlet.http.HttpServletRequest)
2016-12-02 01:17:33.496  INFO 2908 --- [           main] s.w.s.m.m.a.RequestMappingHandlerMapping : Mapped "{[/error],produces=[text/html]}" onto public org.springframework.web.servlet.ModelAndView org.springframework.boot.autoconfigure.web.BasicErrorController.errorHtml(javax.servlet.http.HttpServletRequest,javax.servlet.http.HttpServletResponse)
2016-12-02 01:17:33.600  INFO 2908 --- [           main] o.s.w.s.handler.SimpleUrlHandlerMapping  : Mapped URL path [/webjars/**] onto handler of type [class org.springframework.web.servlet.resource.ResourceHttpRequestHandler]
2016-12-02 01:17:33.600  INFO 2908 --- [           main] o.s.w.s.handler.SimpleUrlHandlerMapping  : Mapped URL path [/**] onto handler of type [class org.springframework.web.servlet.resource.ResourceHttpRequestHandler]
2016-12-02 01:17:33.649  INFO 2908 --- [           main] o.s.w.s.handler.SimpleUrlHandlerMapping  : Mapped URL path [/**/favicon.ico] onto handler of type [class org.springframework.web.servlet.resource.ResourceHttpRequestHandler]
2016-12-02 01:17:33.817  INFO 2908 --- [           main] s.w.s.m.m.a.RequestMappingHandlerAdapter : Looking for @ControllerAdvice: org.springframework.web.context.support.GenericWebApplicationContext@c75c01: startup date [Fri Dec 02 01:17:30 MSK 2016]; root of context hierarchy
2016-12-02 01:17:34.231  INFO 2908 --- [           main] o.s.t.web.servlet.TestDispatcherServlet  : FrameworkServlet '': initialization completed in 1244 ms
2016-12-02 01:17:34.789  INFO 2908 --- [           main] hello.FileUploadTests                    : Started FileUploadTests in 4.892 seconds (JVM running for 80.908)
]]></system-out>
  </testcase>
  <testcase name="should404WhenMissingFile" classname="hello.FileUploadTests" time="0.092"/>
  <testcase name="shouldListAllFiles" classname="hello.FileUploadTests" time="2.203"/>
</testsuite>